{"C:\\Users\\GuillaumeBelleguic.AzureAD\\Documents_statique\\DEV\\cms-ia\\pokedex\\src\\api\\pokeApi.ts": {"path":"C:\\Users\\GuillaumeBelleguic.AzureAD\\Documents_statique\\DEV\\cms-ia\\pokedex\\src\\api\\pokeApi.ts","statementMap":{"0":{"start":{"line":1,"column":0},"end":{"line":1,"column":26}},"1":{"start":{"line":4,"column":17},"end":{"line":4,"column":44}},"2":{"start":{"line":6,"column":13},"end":{"line":8,"column":3}},"3":{"start":{"line":10,"column":30},"end":{"line":13,"column":1}},"4":{"start":{"line":11,"column":21},"end":{"line":11,"column":99}},"5":{"start":{"line":12,"column":4},"end":{"line":12,"column":25}},"6":{"start":{"line":10,"column":13},"end":{"line":10,"column":30}},"7":{"start":{"line":15,"column":33},"end":{"line":20,"column":1}},"8":{"start":{"line":18,"column":21},"end":{"line":18,"column":67}},"9":{"start":{"line":19,"column":4},"end":{"line":19,"column":25}},"10":{"start":{"line":15,"column":13},"end":{"line":15,"column":33}},"11":{"start":{"line":22,"column":29},"end":{"line":26,"column":1}},"12":{"start":{"line":24,"column":21},"end":{"line":24,"column":78}},"13":{"start":{"line":25,"column":4},"end":{"line":25,"column":33}},"14":{"start":{"line":22,"column":13},"end":{"line":22,"column":29}},"15":{"start":{"line":28,"column":24},"end":{"line":31,"column":1}},"16":{"start":{"line":29,"column":21},"end":{"line":29,"column":76}},"17":{"start":{"line":30,"column":4},"end":{"line":30,"column":33}},"18":{"start":{"line":28,"column":13},"end":{"line":28,"column":24}},"19":{"start":{"line":33,"column":32},"end":{"line":37,"column":1}},"20":{"start":{"line":34,"column":21},"end":{"line":34,"column":97}},"21":{"start":{"line":36,"column":4},"end":{"line":36,"column":53}},"22":{"start":{"line":36,"column":42},"end":{"line":36,"column":51}},"23":{"start":{"line":33,"column":13},"end":{"line":33,"column":32}}},"fnMap":{"0":{"name":"(anonymous_1)","decl":{"start":{"line":10,"column":30},"end":{"line":10,"column":35}},"loc":{"start":{"line":10,"column":93},"end":{"line":13,"column":1}}},"1":{"name":"(anonymous_2)","decl":{"start":{"line":15,"column":33},"end":{"line":15,"column":38}},"loc":{"start":{"line":15,"column":87},"end":{"line":20,"column":1}}},"2":{"name":"(anonymous_3)","decl":{"start":{"line":22,"column":29},"end":{"line":22,"column":34}},"loc":{"start":{"line":22,"column":69},"end":{"line":26,"column":1}}},"3":{"name":"(anonymous_4)","decl":{"start":{"line":28,"column":24},"end":{"line":28,"column":29}},"loc":{"start":{"line":28,"column":64},"end":{"line":31,"column":1}}},"4":{"name":"(anonymous_5)","decl":{"start":{"line":33,"column":32},"end":{"line":33,"column":37}},"loc":{"start":{"line":33,"column":84},"end":{"line":37,"column":1}}},"5":{"name":"(anonymous_6)","decl":{"start":{"line":36,"column":37},"end":{"line":36,"column":38}},"loc":{"start":{"line":36,"column":42},"end":{"line":36,"column":51}}}},"branchMap":{"0":{"loc":{"start":{"line":10,"column":37},"end":{"line":10,"column":47}},"type":"default-arg","locations":[{"start":{"line":10,"column":45},"end":{"line":10,"column":47}}]},"1":{"loc":{"start":{"line":10,"column":49},"end":{"line":10,"column":59}},"type":"default-arg","locations":[{"start":{"line":10,"column":58},"end":{"line":10,"column":59}}]}},"s":{"0":3,"1":3,"2":3,"3":3,"4":0,"5":0,"6":3,"7":3,"8":0,"9":0,"10":3,"11":3,"12":0,"13":0,"14":3,"15":3,"16":0,"17":0,"18":3,"19":3,"20":0,"21":0,"22":0,"23":3},"f":{"0":0,"1":0,"2":0,"3":0,"4":0,"5":0},"b":{"0":[0],"1":[0]}}
,"C:\\Users\\GuillaumeBelleguic.AzureAD\\Documents_statique\\DEV\\cms-ia\\pokedex\\src\\components\\PokemonCard.tsx": {"path":"C:\\Users\\GuillaumeBelleguic.AzureAD\\Documents_statique\\DEV\\cms-ia\\pokedex\\src\\components\\PokemonCard.tsx","statementMap":{"0":{"start":{"line":2,"column":0},"end":{"line":2,"column":49}},"1":{"start":{"line":3,"column":0},"end":{"line":3,"column":47}},"2":{"start":{"line":5,"column":0},"end":{"line":5,"column":47}},"3":{"start":{"line":15,"column":63},"end":{"line":87,"column":1}},"4":{"start":{"line":16,"column":18},"end":{"line":16,"column":45}},"5":{"start":{"line":18,"column":4},"end":{"line":26,"column":5}},"6":{"start":{"line":19,"column":8},"end":{"line":25,"column":10}},"7":{"start":{"line":28,"column":4},"end":{"line":30,"column":5}},"8":{"start":{"line":29,"column":8},"end":{"line":29,"column":20}},"9":{"start":{"line":32,"column":4},"end":{"line":86,"column":6}},"10":{"start":{"line":35,"column":27},"end":{"line":35,"column":43}},"11":{"start":{"line":76,"column":24},"end":{"line":77,"column":null}},"12":{"start":{"line":15,"column":13},"end":{"line":15,"column":63}},"13":{"start":{"line":96,"column":55},"end":{"line":99,"column":1}},"14":{"start":{"line":97,"column":33},"end":{"line":97,"column":49}},"15":{"start":{"line":98,"column":4},"end":{"line":98,"column":145}},"16":{"start":{"line":96,"column":13},"end":{"line":96,"column":55}}},"fnMap":{"0":{"name":"(anonymous_0)","decl":{"start":{"line":15,"column":63},"end":{"line":15,"column":64}},"loc":{"start":{"line":15,"column":127},"end":{"line":87,"column":1}}},"1":{"name":"(anonymous_1)","decl":{"start":{"line":35,"column":21},"end":{"line":35,"column":24}},"loc":{"start":{"line":35,"column":27},"end":{"line":35,"column":43}}},"2":{"name":"(anonymous_2)","decl":{"start":{"line":75,"column":39},"end":{"line":75,"column":40}},"loc":{"start":{"line":76,"column":24},"end":{"line":77,"column":null}}},"3":{"name":"(anonymous_3)","decl":{"start":{"line":96,"column":55},"end":{"line":96,"column":56}},"loc":{"start":{"line":96,"column":107},"end":{"line":99,"column":1}}}},"branchMap":{"0":{"loc":{"start":{"line":18,"column":4},"end":{"line":26,"column":5}},"type":"if","locations":[{"start":{"line":18,"column":4},"end":{"line":26,"column":5}},{"start":{},"end":{}}]},"1":{"loc":{"start":{"line":28,"column":4},"end":{"line":30,"column":5}},"type":"if","locations":[{"start":{"line":28,"column":4},"end":{"line":30,"column":5}},{"start":{},"end":{}}]},"2":{"loc":{"start":{"line":40,"column":13},"end":{"line":55,"column":null}},"type":"binary-expr","locations":[{"start":{"line":40,"column":13},"end":{"line":40,"column":29}},{"start":{"line":41,"column":16},"end":{"line":54,"column":null}}]},"3":{"loc":{"start":{"line":48,"column":30},"end":{"line":48,"column":66}},"type":"cond-expr","locations":[{"start":{"line":48,"column":43},"end":{"line":48,"column":57}},{"start":{"line":48,"column":60},"end":{"line":48,"column":66}}]},"4":{"loc":{"start":{"line":51,"column":46},"end":{"line":51,"column":78}},"type":"cond-expr","locations":[{"start":{"line":51,"column":59},"end":{"line":51,"column":73}},{"start":{"line":51,"column":76},"end":{"line":51,"column":78}}]},"5":{"loc":{"start":{"line":60,"column":25},"end":{"line":60,"column":113}},"type":"binary-expr","locations":[{"start":{"line":60,"column":25},"end":{"line":60,"column":80}},{"start":{"line":60,"column":84},"end":{"line":60,"column":113}}]}},"s":{"0":2,"1":2,"2":2,"3":2,"4":5,"5":5,"6":1,"7":4,"8":0,"9":4,"10":1,"11":4,"12":2,"13":2,"14":5,"15":5,"16":2},"f":{"0":5,"1":1,"2":4,"3":5},"b":{"0":[1,4],"1":[0,4],"2":[4,0],"3":[0,0],"4":[0,0],"5":[4,0]}}
,"C:\\Users\\GuillaumeBelleguic.AzureAD\\Documents_statique\\DEV\\cms-ia\\pokedex\\src\\components\\PokemonList.tsx": {"path":"C:\\Users\\GuillaumeBelleguic.AzureAD\\Documents_statique\\DEV\\cms-ia\\pokedex\\src\\components\\PokemonList.tsx","statementMap":{"0":{"start":{"line":1,"column":0},"end":{"line":1,"column":51}},"1":{"start":{"line":2,"column":0},"end":{"line":2,"column":44}},"2":{"start":{"line":3,"column":0},"end":{"line":3,"column":46}},"3":{"start":{"line":4,"column":0},"end":{"line":4,"column":61}},"4":{"start":{"line":5,"column":0},"end":{"line":5,"column":42}},"5":{"start":{"line":7,"column":0},"end":{"line":7,"column":73}},"6":{"start":{"line":8,"column":0},"end":{"line":8,"column":47}},"7":{"start":{"line":10,"column":37},"end":{"line":139,"column":1}},"8":{"start":{"line":11,"column":18},"end":{"line":11,"column":55}},"9":{"start":{"line":22,"column":8},"end":{"line":22,"column":26}},"10":{"start":{"line":24,"column":30},"end":{"line":24,"column":62}},"11":{"start":{"line":25,"column":50},"end":{"line":25,"column":80}},"12":{"start":{"line":27,"column":4},"end":{"line":29,"column":11}},"13":{"start":{"line":28,"column":8},"end":{"line":28,"column":34}},"14":{"start":{"line":31,"column":4},"end":{"line":138,"column":6}},"15":{"start":{"line":49,"column":53},"end":{"line":49,"column":78}},"16":{"start":{"line":57,"column":49},"end":{"line":57,"column":80}},"17":{"start":{"line":68,"column":36},"end":{"line":68,"column":68}},"18":{"start":{"line":81,"column":28},"end":{"line":81,"column":41}},"19":{"start":{"line":95,"column":36},"end":{"line":96,"column":null}},"20":{"start":{"line":110,"column":43},"end":{"line":110,"column":75}},"21":{"start":{"line":110,"column":56},"end":{"line":110,"column":74}},"22":{"start":{"line":122,"column":43},"end":{"line":122,"column":84}},"23":{"start":{"line":122,"column":56},"end":{"line":122,"column":83}},"24":{"start":{"line":135,"column":31},"end":{"line":135,"column":55}},"25":{"start":{"line":10,"column":13},"end":{"line":10,"column":37}}},"fnMap":{"0":{"name":"(anonymous_0)","decl":{"start":{"line":10,"column":37},"end":{"line":10,"column":40}},"loc":{"start":{"line":10,"column":42},"end":{"line":139,"column":1}}},"1":{"name":"(anonymous_1)","decl":{"start":{"line":27,"column":14},"end":{"line":27,"column":17}},"loc":{"start":{"line":27,"column":19},"end":{"line":29,"column":5}}},"2":{"name":"(anonymous_2)","decl":{"start":{"line":49,"column":46},"end":{"line":49,"column":47}},"loc":{"start":{"line":49,"column":53},"end":{"line":49,"column":78}}},"3":{"name":"(anonymous_3)","decl":{"start":{"line":57,"column":42},"end":{"line":57,"column":43}},"loc":{"start":{"line":57,"column":49},"end":{"line":57,"column":80}}},"4":{"name":"(anonymous_4)","decl":{"start":{"line":67,"column":43},"end":{"line":67,"column":55}},"loc":{"start":{"line":68,"column":36},"end":{"line":68,"column":68}}},"5":{"name":"(anonymous_5)","decl":{"start":{"line":80,"column":56},"end":{"line":80,"column":57}},"loc":{"start":{"line":81,"column":28},"end":{"line":81,"column":41}}},"6":{"name":"(anonymous_6)","decl":{"start":{"line":94,"column":45},"end":{"line":94,"column":46}},"loc":{"start":{"line":95,"column":36},"end":{"line":96,"column":null}}},"7":{"name":"(anonymous_7)","decl":{"start":{"line":110,"column":37},"end":{"line":110,"column":40}},"loc":{"start":{"line":110,"column":43},"end":{"line":110,"column":75}}},"8":{"name":"(anonymous_8)","decl":{"start":{"line":110,"column":51},"end":{"line":110,"column":52}},"loc":{"start":{"line":110,"column":56},"end":{"line":110,"column":74}}},"9":{"name":"(anonymous_9)","decl":{"start":{"line":122,"column":37},"end":{"line":122,"column":40}},"loc":{"start":{"line":122,"column":43},"end":{"line":122,"column":84}}},"10":{"name":"(anonymous_10)","decl":{"start":{"line":122,"column":51},"end":{"line":122,"column":52}},"loc":{"start":{"line":122,"column":56},"end":{"line":122,"column":83}}},"11":{"name":"(anonymous_11)","decl":{"start":{"line":135,"column":25},"end":{"line":135,"column":28}},"loc":{"start":{"line":135,"column":31},"end":{"line":135,"column":55}}}},"branchMap":{"0":{"loc":{"start":{"line":78,"column":17},"end":{"line":103,"column":null}},"type":"cond-expr","locations":[{"start":{"line":79,"column":20},"end":{"line":82,"column":null}},{"start":{"line":85,"column":20},"end":{"line":102,"column":null}}]},"1":{"loc":{"start":{"line":78,"column":17},"end":{"line":78,"column":48}},"type":"binary-expr","locations":[{"start":{"line":78,"column":17},"end":{"line":78,"column":24}},{"start":{"line":78,"column":28},"end":{"line":78,"column":48}}]},"2":{"loc":{"start":{"line":86,"column":25},"end":{"line":101,"column":null}},"type":"cond-expr","locations":[{"start":{"line":87,"column":28},"end":{"line":90,"column":null}},{"start":{"line":93,"column":28},"end":{"line":100,"column":null}}]},"3":{"loc":{"start":{"line":107,"column":17},"end":{"line":128,"column":null}},"type":"binary-expr","locations":[{"start":{"line":107,"column":17},"end":{"line":107,"column":31}},{"start":{"line":108,"column":20},"end":{"line":127,"column":null}}]},"4":{"loc":{"start":{"line":111,"column":38},"end":{"line":111,"column":59}},"type":"binary-expr","locations":[{"start":{"line":111,"column":38},"end":{"line":111,"column":48}},{"start":{"line":111,"column":52},"end":{"line":111,"column":59}}]},"5":{"loc":{"start":{"line":123,"column":38},"end":{"line":123,"column":68}},"type":"binary-expr","locations":[{"start":{"line":123,"column":38},"end":{"line":123,"column":57}},{"start":{"line":123,"column":61},"end":{"line":123,"column":68}}]}},"s":{"0":1,"1":1,"2":1,"3":1,"4":1,"5":1,"6":1,"7":1,"8":3,"9":3,"10":3,"11":3,"12":3,"13":2,"14":3,"15":0,"16":0,"17":1,"18":0,"19":2,"20":0,"21":0,"22":0,"23":0,"24":0,"25":1},"f":{"0":3,"1":2,"2":0,"3":0,"4":1,"5":0,"6":2,"7":0,"8":0,"9":0,"10":0,"11":0},"b":{"0":[0,3],"1":[3,0],"2":[1,2],"3":[3,0],"4":[0,0],"5":[0,0]}}
,"C:\\Users\\GuillaumeBelleguic.AzureAD\\Documents_statique\\DEV\\cms-ia\\pokedex\\src\\components\\PokemonModal.tsx": {"path":"C:\\Users\\GuillaumeBelleguic.AzureAD\\Documents_statique\\DEV\\cms-ia\\pokedex\\src\\components\\PokemonModal.tsx","statementMap":{"0":{"start":{"line":3,"column":0},"end":{"line":3,"column":47}},"1":{"start":{"line":4,"column":0},"end":{"line":4,"column":56}},"2":{"start":{"line":5,"column":0},"end":{"line":5,"column":84}},"3":{"start":{"line":6,"column":0},"end":{"line":6,"column":53}},"4":{"start":{"line":7,"column":0},"end":{"line":7,"column":47}},"5":{"start":{"line":14,"column":57},"end":{"line":143,"column":1}},"6":{"start":{"line":15,"column":43},"end":{"line":15,"column":57}},"7":{"start":{"line":16,"column":18},"end":{"line":16,"column":55}},"8":{"start":{"line":18,"column":4},"end":{"line":18,"column":30}},"9":{"start":{"line":18,"column":18},"end":{"line":18,"column":30}},"10":{"start":{"line":20,"column":4},"end":{"line":142,"column":6}},"11":{"start":{"line":35,"column":34},"end":{"line":35,"column":53}},"12":{"start":{"line":41,"column":43},"end":{"line":41,"column":69}},"13":{"start":{"line":73,"column":36},"end":{"line":73,"column":67}},"14":{"start":{"line":113,"column":32},"end":{"line":113,"column":null}},"15":{"start":{"line":133,"column":32},"end":{"line":133,"column":65}},"16":{"start":{"line":14,"column":13},"end":{"line":14,"column":57}}},"fnMap":{"0":{"name":"(anonymous_0)","decl":{"start":{"line":14,"column":57},"end":{"line":14,"column":58}},"loc":{"start":{"line":14,"column":82},"end":{"line":143,"column":1}}},"1":{"name":"(anonymous_1)","decl":{"start":{"line":35,"column":29},"end":{"line":35,"column":30}},"loc":{"start":{"line":35,"column":34},"end":{"line":35,"column":53}}},"2":{"name":"(anonymous_2)","decl":{"start":{"line":41,"column":37},"end":{"line":41,"column":40}},"loc":{"start":{"line":41,"column":43},"end":{"line":41,"column":69}}},"3":{"name":"(anonymous_3)","decl":{"start":{"line":72,"column":51},"end":{"line":72,"column":52}},"loc":{"start":{"line":73,"column":36},"end":{"line":73,"column":67}}},"4":{"name":"(anonymous_4)","decl":{"start":{"line":112,"column":47},"end":{"line":112,"column":48}},"loc":{"start":{"line":113,"column":32},"end":{"line":113,"column":null}}},"5":{"name":"(anonymous_5)","decl":{"start":{"line":132,"column":51},"end":{"line":132,"column":52}},"loc":{"start":{"line":133,"column":32},"end":{"line":133,"column":65}}}},"branchMap":{"0":{"loc":{"start":{"line":18,"column":4},"end":{"line":18,"column":30}},"type":"if","locations":[{"start":{"line":18,"column":4},"end":{"line":18,"column":30}},{"start":{},"end":{}}]},"1":{"loc":{"start":{"line":42,"column":40},"end":{"line":42,"column":110}},"type":"cond-expr","locations":[{"start":{"line":42,"column":65},"end":{"line":42,"column":86}},{"start":{"line":42,"column":89},"end":{"line":42,"column":110}}]},"2":{"loc":{"start":{"line":45,"column":26},"end":{"line":47,"column":null}},"type":"cond-expr","locations":[{"start":{"line":46,"column":38},"end":{"line":46,"column":191}},{"start":{"line":47,"column":38},"end":{"line":47,"column":null}}]},"3":{"loc":{"start":{"line":51,"column":58},"end":{"line":51,"column":108}},"type":"cond-expr","locations":[{"start":{"line":51,"column":83},"end":{"line":51,"column":97}},{"start":{"line":51,"column":100},"end":{"line":51,"column":108}}]},"4":{"loc":{"start":{"line":52,"column":58},"end":{"line":52,"column":130}},"type":"cond-expr","locations":[{"start":{"line":52,"column":84},"end":{"line":52,"column":119}},{"start":{"line":52,"column":122},"end":{"line":52,"column":130}}]},"5":{"loc":{"start":{"line":84,"column":33},"end":{"line":84,"column":121}},"type":"binary-expr","locations":[{"start":{"line":84,"column":33},"end":{"line":84,"column":88}},{"start":{"line":84,"column":92},"end":{"line":84,"column":121}}]}},"s":{"0":1,"1":1,"2":1,"3":1,"4":1,"5":1,"6":3,"7":3,"8":3,"9":3,"10":0,"11":0,"12":0,"13":0,"14":0,"15":0,"16":1},"f":{"0":3,"1":0,"2":0,"3":0,"4":0,"5":0},"b":{"0":[3,0],"1":[0,0],"2":[0,0],"3":[0,0],"4":[0,0],"5":[0,0]}}
,"C:\\Users\\GuillaumeBelleguic.AzureAD\\Documents_statique\\DEV\\cms-ia\\pokedex\\src\\context\\ThemeContext.tsx": {"path":"C:\\Users\\GuillaumeBelleguic.AzureAD\\Documents_statique\\DEV\\cms-ia\\pokedex\\src\\context\\ThemeContext.tsx","statementMap":{"0":{"start":{"line":1,"column":0},"end":{"line":1,"column":82}},"1":{"start":{"line":11,"column":13},"end":{"line":11,"column":83}},"2":{"start":{"line":13,"column":64},"end":{"line":41,"column":1}},"3":{"start":{"line":14,"column":30},"end":{"line":20,"column":6}},"4":{"start":{"line":15,"column":28},"end":{"line":15,"column":57}},"5":{"start":{"line":16,"column":8},"end":{"line":18,"column":9}},"6":{"start":{"line":17,"column":12},"end":{"line":17,"column":40}},"7":{"start":{"line":19,"column":8},"end":{"line":19,"column":92}},"8":{"start":{"line":22,"column":4},"end":{"line":30,"column":16}},"9":{"start":{"line":23,"column":21},"end":{"line":23,"column":52}},"10":{"start":{"line":24,"column":8},"end":{"line":28,"column":9}},"11":{"start":{"line":25,"column":12},"end":{"line":25,"column":39}},"12":{"start":{"line":27,"column":12},"end":{"line":27,"column":42}},"13":{"start":{"line":29,"column":8},"end":{"line":29,"column":45}},"14":{"start":{"line":32,"column":24},"end":{"line":34,"column":5}},"15":{"start":{"line":33,"column":8},"end":{"line":33,"column":66}},"16":{"start":{"line":33,"column":28},"end":{"line":33,"column":63}},"17":{"start":{"line":36,"column":4},"end":{"line":40,"column":6}},"18":{"start":{"line":13,"column":13},"end":{"line":13,"column":64}}},"fnMap":{"0":{"name":"(anonymous_0)","decl":{"start":{"line":13,"column":64},"end":{"line":13,"column":65}},"loc":{"start":{"line":13,"column":81},"end":{"line":41,"column":1}}},"1":{"name":"(anonymous_1)","decl":{"start":{"line":14,"column":46},"end":{"line":14,"column":49}},"loc":{"start":{"line":14,"column":51},"end":{"line":20,"column":5}}},"2":{"name":"(anonymous_2)","decl":{"start":{"line":22,"column":14},"end":{"line":22,"column":17}},"loc":{"start":{"line":22,"column":19},"end":{"line":30,"column":5}}},"3":{"name":"(anonymous_3)","decl":{"start":{"line":32,"column":24},"end":{"line":32,"column":27}},"loc":{"start":{"line":32,"column":29},"end":{"line":34,"column":5}}},"4":{"name":"(anonymous_4)","decl":{"start":{"line":33,"column":17},"end":{"line":33,"column":18}},"loc":{"start":{"line":33,"column":28},"end":{"line":33,"column":63}}}},"branchMap":{"0":{"loc":{"start":{"line":16,"column":8},"end":{"line":18,"column":9}},"type":"if","locations":[{"start":{"line":16,"column":8},"end":{"line":18,"column":9}},{"start":{},"end":{}}]},"1":{"loc":{"start":{"line":19,"column":15},"end":{"line":19,"column":91}},"type":"cond-expr","locations":[{"start":{"line":19,"column":75},"end":{"line":19,"column":81}},{"start":{"line":19,"column":84},"end":{"line":19,"column":91}}]},"2":{"loc":{"start":{"line":24,"column":8},"end":{"line":28,"column":9}},"type":"if","locations":[{"start":{"line":24,"column":8},"end":{"line":28,"column":9}},{"start":{"line":26,"column":15},"end":{"line":28,"column":9}}]},"3":{"loc":{"start":{"line":33,"column":28},"end":{"line":33,"column":63}},"type":"cond-expr","locations":[{"start":{"line":33,"column":47},"end":{"line":33,"column":53}},{"start":{"line":33,"column":56},"end":{"line":33,"column":63}}]}},"s":{"0":1,"1":1,"2":1,"3":4,"4":2,"5":2,"6":0,"7":2,"8":4,"9":4,"10":4,"11":1,"12":3,"13":4,"14":4,"15":2,"16":2,"17":4,"18":1},"f":{"0":4,"1":2,"2":4,"3":2,"4":2},"b":{"0":[0,2],"1":[0,2],"2":[1,3],"3":[1,1]}}
,"C:\\Users\\GuillaumeBelleguic.AzureAD\\Documents_statique\\DEV\\cms-ia\\pokedex\\src\\hooks\\useFavorites.ts": {"path":"C:\\Users\\GuillaumeBelleguic.AzureAD\\Documents_statique\\DEV\\cms-ia\\pokedex\\src\\hooks\\useFavorites.ts","statementMap":{"0":{"start":{"line":1,"column":0},"end":{"line":1,"column":44}},"1":{"start":{"line":3,"column":28},"end":{"line":31,"column":1}},"2":{"start":{"line":4,"column":38},"end":{"line":4,"column":60}},"3":{"start":{"line":6,"column":4},"end":{"line":16,"column":11}},"4":{"start":{"line":7,"column":23},"end":{"line":7,"column":64}},"5":{"start":{"line":8,"column":8},"end":{"line":15,"column":9}},"6":{"start":{"line":9,"column":12},"end":{"line":14,"column":13}},"7":{"start":{"line":11,"column":16},"end":{"line":11,"column":49}},"8":{"start":{"line":13,"column":16},"end":{"line":13,"column":62}},"9":{"start":{"line":18,"column":27},"end":{"line":26,"column":5}},"10":{"start":{"line":19,"column":8},"end":{"line":25,"column":11}},"11":{"start":{"line":20,"column":28},"end":{"line":22,"column":31}},"12":{"start":{"line":21,"column":37},"end":{"line":21,"column":47}},"13":{"start":{"line":23,"column":12},"end":{"line":23,"column":79}},"14":{"start":{"line":24,"column":12},"end":{"line":24,"column":27}},"15":{"start":{"line":28,"column":23},"end":{"line":28,"column":61}},"16":{"start":{"line":28,"column":39},"end":{"line":28,"column":61}},"17":{"start":{"line":30,"column":4},"end":{"line":30,"column":53}},"18":{"start":{"line":3,"column":13},"end":{"line":3,"column":28}}},"fnMap":{"0":{"name":"(anonymous_0)","decl":{"start":{"line":3,"column":28},"end":{"line":3,"column":31}},"loc":{"start":{"line":3,"column":33},"end":{"line":31,"column":1}}},"1":{"name":"(anonymous_1)","decl":{"start":{"line":6,"column":14},"end":{"line":6,"column":17}},"loc":{"start":{"line":6,"column":19},"end":{"line":16,"column":5}}},"2":{"name":"(anonymous_2)","decl":{"start":{"line":18,"column":27},"end":{"line":18,"column":28}},"loc":{"start":{"line":18,"column":42},"end":{"line":26,"column":5}}},"3":{"name":"(anonymous_3)","decl":{"start":{"line":19,"column":21},"end":{"line":19,"column":25}},"loc":{"start":{"line":19,"column":28},"end":{"line":25,"column":9}}},"4":{"name":"(anonymous_4)","decl":{"start":{"line":21,"column":30},"end":{"line":21,"column":33}},"loc":{"start":{"line":21,"column":37},"end":{"line":21,"column":47}}},"5":{"name":"(anonymous_5)","decl":{"start":{"line":28,"column":23},"end":{"line":28,"column":24}},"loc":{"start":{"line":28,"column":39},"end":{"line":28,"column":61}}}},"branchMap":{"0":{"loc":{"start":{"line":8,"column":8},"end":{"line":15,"column":9}},"type":"if","locations":[{"start":{"line":8,"column":8},"end":{"line":15,"column":9}},{"start":{},"end":{}}]},"1":{"loc":{"start":{"line":20,"column":28},"end":{"line":22,"column":31}},"type":"cond-expr","locations":[{"start":{"line":21,"column":18},"end":{"line":21,"column":48}},{"start":{"line":22,"column":18},"end":{"line":22,"column":31}}]}},"s":{"0":2,"1":2,"2":3,"3":3,"4":2,"5":2,"6":0,"7":0,"8":0,"9":3,"10":0,"11":0,"12":0,"13":0,"14":0,"15":3,"16":0,"17":3,"18":2},"f":{"0":3,"1":2,"2":0,"3":0,"4":0,"5":0},"b":{"0":[0,2],"1":[0,0]}}
,"C:\\Users\\GuillaumeBelleguic.AzureAD\\Documents_statique\\DEV\\cms-ia\\pokedex\\src\\hooks\\usePokemon.ts": {"path":"C:\\Users\\GuillaumeBelleguic.AzureAD\\Documents_statique\\DEV\\cms-ia\\pokedex\\src\\hooks\\usePokemon.ts","statementMap":{"0":{"start":{"line":1,"column":0},"end":{"line":1,"column":44}},"1":{"start":{"line":2,"column":0},"end":{"line":2,"column":51}},"2":{"start":{"line":5,"column":26},"end":{"line":32,"column":1}},"3":{"start":{"line":6,"column":34},"end":{"line":6,"column":64}},"4":{"start":{"line":7,"column":34},"end":{"line":7,"column":48}},"5":{"start":{"line":8,"column":30},"end":{"line":8,"column":59}},"6":{"start":{"line":10,"column":4},"end":{"line":29,"column":15}},"7":{"start":{"line":11,"column":22},"end":{"line":11,"column":26}},"8":{"start":{"line":13,"column":8},"end":{"line":13,"column":25}},"9":{"start":{"line":14,"column":8},"end":{"line":26,"column":15}},"10":{"start":{"line":16,"column":16},"end":{"line":19,"column":17}},"11":{"start":{"line":17,"column":20},"end":{"line":17,"column":37}},"12":{"start":{"line":18,"column":20},"end":{"line":18,"column":38}},"13":{"start":{"line":22,"column":16},"end":{"line":25,"column":17}},"14":{"start":{"line":23,"column":20},"end":{"line":23,"column":42}},"15":{"start":{"line":24,"column":20},"end":{"line":24,"column":38}},"16":{"start":{"line":28,"column":8},"end":{"line":28,"column":42}},"17":{"start":{"line":28,"column":23},"end":{"line":28,"column":39}},"18":{"start":{"line":31,"column":4},"end":{"line":31,"column":39}},"19":{"start":{"line":5,"column":13},"end":{"line":5,"column":26}}},"fnMap":{"0":{"name":"(anonymous_0)","decl":{"start":{"line":5,"column":26},"end":{"line":5,"column":27}},"loc":{"start":{"line":5,"column":43},"end":{"line":32,"column":1}}},"1":{"name":"(anonymous_1)","decl":{"start":{"line":10,"column":14},"end":{"line":10,"column":17}},"loc":{"start":{"line":10,"column":19},"end":{"line":29,"column":5}}},"2":{"name":"(anonymous_2)","decl":{"start":{"line":15,"column":18},"end":{"line":15,"column":22}},"loc":{"start":{"line":15,"column":25},"end":{"line":20,"column":13}}},"3":{"name":"(anonymous_3)","decl":{"start":{"line":21,"column":19},"end":{"line":21,"column":22}},"loc":{"start":{"line":21,"column":25},"end":{"line":26,"column":13}}},"4":{"name":"(anonymous_4)","decl":{"start":{"line":28,"column":15},"end":{"line":28,"column":18}},"loc":{"start":{"line":28,"column":20},"end":{"line":28,"column":41}}}},"branchMap":{"0":{"loc":{"start":{"line":16,"column":16},"end":{"line":19,"column":17}},"type":"if","locations":[{"start":{"line":16,"column":16},"end":{"line":19,"column":17}},{"start":{},"end":{}}]},"1":{"loc":{"start":{"line":22,"column":16},"end":{"line":25,"column":17}},"type":"if","locations":[{"start":{"line":22,"column":16},"end":{"line":25,"column":17}},{"start":{},"end":{}}]}},"s":{"0":2,"1":2,"2":2,"3":0,"4":0,"5":0,"6":0,"7":0,"8":0,"9":0,"10":0,"11":0,"12":0,"13":0,"14":0,"15":0,"16":0,"17":0,"18":0,"19":2},"f":{"0":0,"1":0,"2":0,"3":0,"4":0},"b":{"0":[0,0],"1":[0,0]}}
,"C:\\Users\\GuillaumeBelleguic.AzureAD\\Documents_statique\\DEV\\cms-ia\\pokedex\\src\\hooks\\usePokemonFilter.ts": {"path":"C:\\Users\\GuillaumeBelleguic.AzureAD\\Documents_statique\\DEV\\cms-ia\\pokedex\\src\\hooks\\usePokemonFilter.ts","statementMap":{"0":{"start":{"line":1,"column":0},"end":{"line":1,"column":44}},"1":{"start":{"line":2,"column":0},"end":{"line":2,"column":81}},"2":{"start":{"line":5,"column":18},"end":{"line":5,"column":20}},"3":{"start":{"line":7,"column":32},"end":{"line":111,"column":1}},"4":{"start":{"line":8,"column":34},"end":{"line":8,"column":66}},"5":{"start":{"line":9,"column":34},"end":{"line":9,"column":49}},"6":{"start":{"line":10,"column":28},"end":{"line":10,"column":39}},"7":{"start":{"line":11,"column":40},"end":{"line":11,"column":51}},"8":{"start":{"line":13,"column":32},"end":{"line":13,"column":44}},"9":{"start":{"line":14,"column":44},"end":{"line":14,"column":56}},"10":{"start":{"line":17,"column":36},"end":{"line":17,"column":77}},"11":{"start":{"line":18,"column":38},"end":{"line":18,"column":86}},"12":{"start":{"line":20,"column":4},"end":{"line":93,"column":58}},"13":{"start":{"line":21,"column":21},"end":{"line":21,"column":26}},"14":{"start":{"line":23,"column":26},"end":{"line":84,"column":9}},"15":{"start":{"line":24,"column":12},"end":{"line":24,"column":29}},"16":{"start":{"line":25,"column":12},"end":{"line":83,"column":13}},"17":{"start":{"line":26,"column":53},"end":{"line":26,"column":55}},"18":{"start":{"line":27,"column":33},"end":{"line":27,"column":34}},"19":{"start":{"line":29,"column":36},"end":{"line":29,"column":58}},"20":{"start":{"line":31,"column":16},"end":{"line":74,"column":17}},"21":{"start":{"line":33,"column":35},"end":{"line":33,"column":57}},"22":{"start":{"line":34,"column":32},"end":{"line":34,"column":71}},"23":{"start":{"line":35,"column":20},"end":{"line":35,"column":39}},"24":{"start":{"line":35,"column":32},"end":{"line":35,"column":39}},"25":{"start":{"line":36,"column":20},"end":{"line":36,"column":45}},"26":{"start":{"line":37,"column":20},"end":{"line":37,"column":43}},"27":{"start":{"line":42,"column":55},"end":{"line":42,"column":57}},"28":{"start":{"line":44,"column":20},"end":{"line":62,"column":21}},"29":{"start":{"line":45,"column":24},"end":{"line":52,"column":25}},"30":{"start":{"line":46,"column":28},"end":{"line":46,"column":63}},"31":{"start":{"line":48,"column":28},"end":{"line":48,"column":76}},"32":{"start":{"line":49,"column":28},"end":{"line":49,"column":47}},"33":{"start":{"line":49,"column":40},"end":{"line":49,"column":47}},"34":{"start":{"line":51,"column":28},"end":{"line":51,"column":90}},"35":{"start":{"line":51,"column":50},"end":{"line":51,"column":87}},"36":{"start":{"line":55,"column":24},"end":{"line":61,"column":25}},"37":{"start":{"line":56,"column":28},"end":{"line":56,"column":48}},"38":{"start":{"line":58,"column":28},"end":{"line":58,"column":61}},"39":{"start":{"line":59,"column":28},"end":{"line":59,"column":47}},"40":{"start":{"line":59,"column":40},"end":{"line":59,"column":47}},"41":{"start":{"line":60,"column":28},"end":{"line":60,"column":50}},"42":{"start":{"line":65,"column":20},"end":{"line":67,"column":21}},"43":{"start":{"line":66,"column":24},"end":{"line":66,"column":95}},"44":{"start":{"line":66,"column":56},"end":{"line":66,"column":93}},"45":{"start":{"line":69,"column":20},"end":{"line":69,"column":49}},"46":{"start":{"line":72,"column":35},"end":{"line":72,"column":57}},"47":{"start":{"line":73,"column":20},"end":{"line":73,"column":76}},"48":{"start":{"line":76,"column":16},"end":{"line":76,"column":39}},"49":{"start":{"line":77,"column":16},"end":{"line":77,"column":65}},"50":{"start":{"line":80,"column":16},"end":{"line":80,"column":35}},"51":{"start":{"line":82,"column":16},"end":{"line":82,"column":47}},"52":{"start":{"line":82,"column":29},"end":{"line":82,"column":47}},"53":{"start":{"line":87,"column":26},"end":{"line":87,"column":52}},"54":{"start":{"line":89,"column":8},"end":{"line":92,"column":10}},"55":{"start":{"line":90,"column":12},"end":{"line":90,"column":26}},"56":{"start":{"line":91,"column":12},"end":{"line":91,"column":36}},"57":{"start":{"line":96,"column":4},"end":{"line":98,"column":31}},"58":{"start":{"line":97,"column":8},"end":{"line":97,"column":19}},"59":{"start":{"line":100,"column":4},"end":{"line":110,"column":6}},"60":{"start":{"line":7,"column":13},"end":{"line":7,"column":32}}},"fnMap":{"0":{"name":"(anonymous_0)","decl":{"start":{"line":7,"column":32},"end":{"line":7,"column":35}},"loc":{"start":{"line":7,"column":37},"end":{"line":111,"column":1}}},"1":{"name":"(anonymous_1)","decl":{"start":{"line":20,"column":14},"end":{"line":20,"column":17}},"loc":{"start":{"line":20,"column":19},"end":{"line":93,"column":5}}},"2":{"name":"(anonymous_2)","decl":{"start":{"line":23,"column":26},"end":{"line":23,"column":31}},"loc":{"start":{"line":23,"column":37},"end":{"line":84,"column":9}}},"3":{"name":"(anonymous_3)","decl":{"start":{"line":51,"column":41},"end":{"line":51,"column":45}},"loc":{"start":{"line":51,"column":50},"end":{"line":51,"column":87}}},"4":{"name":"(anonymous_4)","decl":{"start":{"line":66,"column":51},"end":{"line":66,"column":52}},"loc":{"start":{"line":66,"column":56},"end":{"line":66,"column":93}}},"5":{"name":"(anonymous_5)","decl":{"start":{"line":89,"column":15},"end":{"line":89,"column":18}},"loc":{"start":{"line":89,"column":20},"end":{"line":92,"column":9}}},"6":{"name":"(anonymous_6)","decl":{"start":{"line":96,"column":14},"end":{"line":96,"column":17}},"loc":{"start":{"line":96,"column":19},"end":{"line":98,"column":5}}}},"branchMap":{"0":{"loc":{"start":{"line":29,"column":36},"end":{"line":29,"column":58}},"type":"binary-expr","locations":[{"start":{"line":29,"column":36},"end":{"line":29,"column":42}},{"start":{"line":29,"column":46},"end":{"line":29,"column":58}}]},"1":{"loc":{"start":{"line":31,"column":16},"end":{"line":74,"column":17}},"type":"if","locations":[{"start":{"line":31,"column":16},"end":{"line":74,"column":17}},{"start":{"line":38,"column":23},"end":{"line":74,"column":17}}]},"2":{"loc":{"start":{"line":35,"column":20},"end":{"line":35,"column":39}},"type":"if","locations":[{"start":{"line":35,"column":20},"end":{"line":35,"column":39}},{"start":{},"end":{}}]},"3":{"loc":{"start":{"line":44,"column":20},"end":{"line":62,"column":21}},"type":"if","locations":[{"start":{"line":44,"column":20},"end":{"line":62,"column":21}},{"start":{"line":53,"column":27},"end":{"line":62,"column":21}}]},"4":{"loc":{"start":{"line":45,"column":24},"end":{"line":52,"column":25}},"type":"if","locations":[{"start":{"line":45,"column":24},"end":{"line":52,"column":25}},{"start":{"line":47,"column":31},"end":{"line":52,"column":25}}]},"5":{"loc":{"start":{"line":49,"column":28},"end":{"line":49,"column":47}},"type":"if","locations":[{"start":{"line":49,"column":28},"end":{"line":49,"column":47}},{"start":{},"end":{}}]},"6":{"loc":{"start":{"line":55,"column":24},"end":{"line":61,"column":25}},"type":"if","locations":[{"start":{"line":55,"column":24},"end":{"line":61,"column":25}},{"start":{"line":57,"column":31},"end":{"line":61,"column":25}}]},"7":{"loc":{"start":{"line":59,"column":28},"end":{"line":59,"column":47}},"type":"if","locations":[{"start":{"line":59,"column":28},"end":{"line":59,"column":47}},{"start":{},"end":{}}]},"8":{"loc":{"start":{"line":65,"column":20},"end":{"line":67,"column":21}},"type":"if","locations":[{"start":{"line":65,"column":20},"end":{"line":67,"column":21}},{"start":{},"end":{}}]},"9":{"loc":{"start":{"line":82,"column":16},"end":{"line":82,"column":47}},"type":"if","locations":[{"start":{"line":82,"column":16},"end":{"line":82,"column":47}},{"start":{},"end":{}}]}},"s":{"0":1,"1":1,"2":1,"3":1,"4":0,"5":0,"6":0,"7":0,"8":0,"9":0,"10":0,"11":0,"12":0,"13":0,"14":0,"15":0,"16":0,"17":0,"18":0,"19":0,"20":0,"21":0,"22":0,"23":0,"24":0,"25":0,"26":0,"27":0,"28":0,"29":0,"30":0,"31":0,"32":0,"33":0,"34":0,"35":0,"36":0,"37":0,"38":0,"39":0,"40":0,"41":0,"42":0,"43":0,"44":0,"45":0,"46":0,"47":0,"48":0,"49":0,"50":0,"51":0,"52":0,"53":0,"54":0,"55":0,"56":0,"57":0,"58":0,"59":0,"60":1},"f":{"0":0,"1":0,"2":0,"3":0,"4":0,"5":0,"6":0},"b":{"0":[0,0],"1":[0,0],"2":[0,0],"3":[0,0],"4":[0,0],"5":[0,0],"6":[0,0],"7":[0,0],"8":[0,0],"9":[0,0]}}
,"C:\\Users\\GuillaumeBelleguic.AzureAD\\Documents_statique\\DEV\\cms-ia\\pokedex\\src\\pages\\FavoritesPage.tsx": {"path":"C:\\Users\\GuillaumeBelleguic.AzureAD\\Documents_statique\\DEV\\cms-ia\\pokedex\\src\\pages\\FavoritesPage.tsx","statementMap":{"0":{"start":{"line":1,"column":0},"end":{"line":1,"column":51}},"1":{"start":{"line":2,"column":0},"end":{"line":2,"column":53}},"2":{"start":{"line":3,"column":0},"end":{"line":3,"column":51}},"3":{"start":{"line":5,"column":0},"end":{"line":5,"column":56}},"4":{"start":{"line":6,"column":0},"end":{"line":6,"column":58}},"5":{"start":{"line":7,"column":0},"end":{"line":7,"column":47}},"6":{"start":{"line":8,"column":0},"end":{"line":8,"column":40}},"7":{"start":{"line":10,"column":39},"end":{"line":85,"column":1}},"8":{"start":{"line":11,"column":42},"end":{"line":11,"column":56}},"9":{"start":{"line":12,"column":42},"end":{"line":12,"column":65}},"10":{"start":{"line":13,"column":34},"end":{"line":13,"column":48}},"11":{"start":{"line":14,"column":50},"end":{"line":14,"column":80}},"12":{"start":{"line":15,"column":18},"end":{"line":15,"column":42}},"13":{"start":{"line":17,"column":4},"end":{"line":39,"column":20}},"14":{"start":{"line":18,"column":31},"end":{"line":36,"column":9}},"15":{"start":{"line":19,"column":12},"end":{"line":19,"column":29}},"16":{"start":{"line":20,"column":12},"end":{"line":35,"column":13}},"17":{"start":{"line":21,"column":16},"end":{"line":25,"column":17}},"18":{"start":{"line":22,"column":20},"end":{"line":22,"column":39}},"19":{"start":{"line":23,"column":20},"end":{"line":23,"column":38}},"20":{"start":{"line":24,"column":20},"end":{"line":24,"column":27}},"21":{"start":{"line":28,"column":33},"end":{"line":28,"column":86}},"22":{"start":{"line":28,"column":53},"end":{"line":28,"column":85}},"23":{"start":{"line":29,"column":32},"end":{"line":29,"column":59}},"24":{"start":{"line":30,"column":16},"end":{"line":30,"column":40}},"25":{"start":{"line":32,"column":16},"end":{"line":32,"column":66}},"26":{"start":{"line":34,"column":16},"end":{"line":34,"column":34}},"27":{"start":{"line":38,"column":8},"end":{"line":38,"column":25}},"28":{"start":{"line":41,"column":4},"end":{"line":84,"column":6}},"29":{"start":{"line":51,"column":28},"end":{"line":51,"column":41}},"30":{"start":{"line":64,"column":28},"end":{"line":65,"column":null}},"31":{"start":{"line":67,"column":49},"end":{"line":67,"column":71}},"32":{"start":{"line":70,"column":36},"end":{"line":70,"column":56}},"33":{"start":{"line":71,"column":36},"end":{"line":71,"column":57}},"34":{"start":{"line":81,"column":31},"end":{"line":81,"column":55}},"35":{"start":{"line":10,"column":13},"end":{"line":10,"column":39}}},"fnMap":{"0":{"name":"(anonymous_0)","decl":{"start":{"line":10,"column":39},"end":{"line":10,"column":42}},"loc":{"start":{"line":10,"column":44},"end":{"line":85,"column":1}}},"1":{"name":"(anonymous_1)","decl":{"start":{"line":17,"column":14},"end":{"line":17,"column":17}},"loc":{"start":{"line":17,"column":19},"end":{"line":39,"column":5}}},"2":{"name":"(anonymous_2)","decl":{"start":{"line":18,"column":31},"end":{"line":18,"column":36}},"loc":{"start":{"line":18,"column":42},"end":{"line":36,"column":9}}},"3":{"name":"(anonymous_3)","decl":{"start":{"line":28,"column":47},"end":{"line":28,"column":49}},"loc":{"start":{"line":28,"column":53},"end":{"line":28,"column":85}}},"4":{"name":"(anonymous_4)","decl":{"start":{"line":50,"column":55},"end":{"line":50,"column":56}},"loc":{"start":{"line":51,"column":28},"end":{"line":51,"column":41}}},"5":{"name":"(anonymous_5)","decl":{"start":{"line":63,"column":41},"end":{"line":63,"column":42}},"loc":{"start":{"line":64,"column":28},"end":{"line":65,"column":null}}},"6":{"name":"(anonymous_6)","decl":{"start":{"line":67,"column":41},"end":{"line":67,"column":42}},"loc":{"start":{"line":67,"column":49},"end":{"line":67,"column":71}}},"7":{"name":"(anonymous_7)","decl":{"start":{"line":69,"column":50},"end":{"line":69,"column":51}},"loc":{"start":{"line":69,"column":56},"end":{"line":72,"column":33}}},"8":{"name":"(anonymous_8)","decl":{"start":{"line":81,"column":25},"end":{"line":81,"column":28}},"loc":{"start":{"line":81,"column":31},"end":{"line":81,"column":55}}}},"branchMap":{"0":{"loc":{"start":{"line":21,"column":16},"end":{"line":25,"column":17}},"type":"if","locations":[{"start":{"line":21,"column":16},"end":{"line":25,"column":17}},{"start":{},"end":{}}]},"1":{"loc":{"start":{"line":48,"column":17},"end":{"line":75,"column":null}},"type":"cond-expr","locations":[{"start":{"line":49,"column":20},"end":{"line":52,"column":null}},{"start":{"line":54,"column":20},"end":{"line":75,"column":null}}]},"2":{"loc":{"start":{"line":54,"column":20},"end":{"line":75,"column":null}},"type":"cond-expr","locations":[{"start":{"line":55,"column":20},"end":{"line":59,"column":null}},{"start":{"line":62,"column":20},"end":{"line":74,"column":null}}]}},"s":{"0":1,"1":1,"2":1,"3":1,"4":1,"5":1,"6":1,"7":1,"8":4,"9":4,"10":4,"11":4,"12":4,"13":4,"14":2,"15":2,"16":2,"17":2,"18":1,"19":1,"20":1,"21":1,"22":2,"23":1,"24":1,"25":0,"26":2,"27":2,"28":4,"29":8,"30":2,"31":0,"32":0,"33":0,"34":0,"35":1},"f":{"0":4,"1":2,"2":2,"3":2,"4":8,"5":2,"6":0,"7":0,"8":0},"b":{"0":[1,1],"1":[2,2],"2":[1,1]}}
,"C:\\Users\\GuillaumeBelleguic.AzureAD\\Documents_statique\\DEV\\cms-ia\\pokedex\\src\\utils\\colors.ts": {"path":"C:\\Users\\GuillaumeBelleguic.AzureAD\\Documents_statique\\DEV\\cms-ia\\pokedex\\src\\utils\\colors.ts","statementMap":{"0":{"start":{"line":1,"column":13},"end":{"line":19,"column":2}},"1":{"start":{"line":21,"column":28},"end":{"line":23,"column":1}},"2":{"start":{"line":22,"column":4},"end":{"line":22,"column":45}},"3":{"start":{"line":21,"column":13},"end":{"line":21,"column":28}}},"fnMap":{"0":{"name":"(anonymous_0)","decl":{"start":{"line":21,"column":28},"end":{"line":21,"column":29}},"loc":{"start":{"line":21,"column":45},"end":{"line":23,"column":1}}}},"branchMap":{"0":{"loc":{"start":{"line":22,"column":11},"end":{"line":22,"column":44}},"type":"binary-expr","locations":[{"start":{"line":22,"column":11},"end":{"line":22,"column":27}},{"start":{"line":22,"column":31},"end":{"line":22,"column":44}}]}},"s":{"0":2,"1":2,"2":4,"3":2},"f":{"0":4},"b":{"0":[4,0]}}
}
