TN:
SF:src\api\pokeApi.ts
FN:10,(anonymous_1)
FN:15,(anonymous_2)
FN:22,(anonymous_3)
FN:28,(anonymous_4)
FN:33,(anonymous_5)
FN:36,(anonymous_6)
FNF:6
FNH:0
FNDA:0,(anonymous_1)
FNDA:0,(anonymous_2)
FNDA:0,(anonymous_3)
FNDA:0,(anonymous_4)
FNDA:0,(anonymous_5)
FNDA:0,(anonymous_6)
DA:1,3
DA:4,3
DA:6,3
DA:10,3
DA:11,0
DA:12,0
DA:15,3
DA:18,0
DA:19,0
DA:22,3
DA:24,0
DA:25,0
DA:28,3
DA:29,0
DA:30,0
DA:33,3
DA:34,0
DA:36,0
LF:18
LH:8
BRDA:10,0,0,0
BRDA:10,1,0,0
BRF:2
BRH:0
end_of_record
TN:
SF:src\components\PokemonCard.tsx
FN:15,(anonymous_0)
FN:35,(anonymous_1)
FN:75,(anonymous_2)
FN:96,(anonymous_3)
FNF:4
FNH:4
FNDA:5,(anonymous_0)
FNDA:1,(anonymous_1)
FNDA:4,(anonymous_2)
FNDA:5,(anonymous_3)
DA:2,2
DA:3,2
DA:5,2
DA:15,2
DA:16,5
DA:18,5
DA:19,1
DA:28,4
DA:29,0
DA:32,4
DA:35,1
DA:76,4
DA:96,2
DA:97,5
DA:98,5
LF:15
LH:14
BRDA:18,0,0,1
BRDA:18,0,1,4
BRDA:28,1,0,0
BRDA:28,1,1,4
BRDA:40,2,0,4
BRDA:40,2,1,0
BRDA:48,3,0,0
BRDA:48,3,1,0
BRDA:51,4,0,0
BRDA:51,4,1,0
BRDA:60,5,0,4
BRDA:60,5,1,0
BRF:12
BRH:5
end_of_record
TN:
SF:src\components\PokemonList.tsx
FN:10,(anonymous_0)
FN:27,(anonymous_1)
FN:49,(anonymous_2)
FN:57,(anonymous_3)
FN:67,(anonymous_4)
FN:80,(anonymous_5)
FN:94,(anonymous_6)
FN:110,(anonymous_7)
FN:110,(anonymous_8)
FN:122,(anonymous_9)
FN:122,(anonymous_10)
FN:135,(anonymous_11)
FNF:12
FNH:4
FNDA:3,(anonymous_0)
FNDA:2,(anonymous_1)
FNDA:0,(anonymous_2)
FNDA:0,(anonymous_3)
FNDA:1,(anonymous_4)
FNDA:0,(anonymous_5)
FNDA:2,(anonymous_6)
FNDA:0,(anonymous_7)
FNDA:0,(anonymous_8)
FNDA:0,(anonymous_9)
FNDA:0,(anonymous_10)
FNDA:0,(anonymous_11)
DA:1,1
DA:2,1
DA:3,1
DA:4,1
DA:5,1
DA:7,1
DA:8,1
DA:10,1
DA:11,3
DA:22,3
DA:24,3
DA:25,3
DA:27,3
DA:28,2
DA:31,3
DA:49,0
DA:57,0
DA:68,1
DA:81,0
DA:95,2
DA:110,0
DA:122,0
DA:135,0
LF:23
LH:17
BRDA:78,0,0,0
BRDA:78,0,1,3
BRDA:78,1,0,3
BRDA:78,1,1,0
BRDA:86,2,0,1
BRDA:86,2,1,2
BRDA:107,3,0,3
BRDA:107,3,1,0
BRDA:111,4,0,0
BRDA:111,4,1,0
BRDA:123,5,0,0
BRDA:123,5,1,0
BRF:12
BRH:5
end_of_record
TN:
SF:src\components\PokemonModal.tsx
FN:14,(anonymous_0)
FN:35,(anonymous_1)
FN:41,(anonymous_2)
FN:72,(anonymous_3)
FN:112,(anonymous_4)
FN:132,(anonymous_5)
FNF:6
FNH:1
FNDA:3,(anonymous_0)
FNDA:0,(anonymous_1)
FNDA:0,(anonymous_2)
FNDA:0,(anonymous_3)
FNDA:0,(anonymous_4)
FNDA:0,(anonymous_5)
DA:3,1
DA:4,1
DA:5,1
DA:6,1
DA:7,1
DA:14,1
DA:15,3
DA:16,3
DA:18,3
DA:20,0
DA:35,0
DA:41,0
DA:73,0
DA:113,0
DA:133,0
LF:15
LH:9
BRDA:18,0,0,3
BRDA:18,0,1,0
BRDA:42,1,0,0
BRDA:42,1,1,0
BRDA:45,2,0,0
BRDA:45,2,1,0
BRDA:51,3,0,0
BRDA:51,3,1,0
BRDA:52,4,0,0
BRDA:52,4,1,0
BRDA:84,5,0,0
BRDA:84,5,1,0
BRF:12
BRH:1
end_of_record
TN:
SF:src\context\ThemeContext.tsx
FN:13,(anonymous_0)
FN:14,(anonymous_1)
FN:22,(anonymous_2)
FN:32,(anonymous_3)
FN:33,(anonymous_4)
FNF:5
FNH:5
FNDA:4,(anonymous_0)
FNDA:2,(anonymous_1)
FNDA:4,(anonymous_2)
FNDA:2,(anonymous_3)
FNDA:2,(anonymous_4)
DA:1,1
DA:11,1
DA:13,1
DA:14,4
DA:15,2
DA:16,2
DA:17,0
DA:19,2
DA:22,4
DA:23,4
DA:24,4
DA:25,1
DA:27,3
DA:29,4
DA:32,4
DA:33,2
DA:36,4
LF:17
LH:16
BRDA:16,0,0,0
BRDA:16,0,1,2
BRDA:19,1,0,0
BRDA:19,1,1,2
BRDA:24,2,0,1
BRDA:24,2,1,3
BRDA:33,3,0,1
BRDA:33,3,1,1
BRF:8
BRH:6
end_of_record
TN:
SF:src\hooks\useFavorites.ts
FN:3,(anonymous_0)
FN:6,(anonymous_1)
FN:18,(anonymous_2)
FN:19,(anonymous_3)
FN:21,(anonymous_4)
FN:28,(anonymous_5)
FNF:6
FNH:2
FNDA:3,(anonymous_0)
FNDA:2,(anonymous_1)
FNDA:0,(anonymous_2)
FNDA:0,(anonymous_3)
FNDA:0,(anonymous_4)
FNDA:0,(anonymous_5)
DA:1,2
DA:3,2
DA:4,3
DA:6,3
DA:7,2
DA:8,2
DA:9,0
DA:11,0
DA:13,0
DA:18,3
DA:19,0
DA:20,0
DA:21,0
DA:23,0
DA:24,0
DA:28,3
DA:30,3
LF:17
LH:9
BRDA:8,0,0,0
BRDA:8,0,1,2
BRDA:20,1,0,0
BRDA:20,1,1,0
BRF:4
BRH:1
end_of_record
TN:
SF:src\hooks\usePokemon.ts
FN:5,(anonymous_0)
FN:10,(anonymous_1)
FN:15,(anonymous_2)
FN:21,(anonymous_3)
FN:28,(anonymous_4)
FNF:5
FNH:0
FNDA:0,(anonymous_0)
FNDA:0,(anonymous_1)
FNDA:0,(anonymous_2)
FNDA:0,(anonymous_3)
FNDA:0,(anonymous_4)
DA:1,2
DA:2,2
DA:5,2
DA:6,0
DA:7,0
DA:8,0
DA:10,0
DA:11,0
DA:13,0
DA:14,0
DA:16,0
DA:17,0
DA:18,0
DA:22,0
DA:23,0
DA:24,0
DA:28,0
DA:31,0
LF:18
LH:3
BRDA:16,0,0,0
BRDA:16,0,1,0
BRDA:22,1,0,0
BRDA:22,1,1,0
BRF:4
BRH:0
end_of_record
TN:
SF:src\hooks\usePokemonFilter.ts
FN:7,(anonymous_0)
FN:20,(anonymous_1)
FN:23,(anonymous_2)
FN:51,(anonymous_3)
FN:66,(anonymous_4)
FN:89,(anonymous_5)
FN:96,(anonymous_6)
FNF:7
FNH:0
FNDA:0,(anonymous_0)
FNDA:0,(anonymous_1)
FNDA:0,(anonymous_2)
FNDA:0,(anonymous_3)
FNDA:0,(anonymous_4)
FNDA:0,(anonymous_5)
FNDA:0,(anonymous_6)
DA:1,1
DA:2,1
DA:5,1
DA:7,1
DA:8,0
DA:9,0
DA:10,0
DA:11,0
DA:13,0
DA:14,0
DA:17,0
DA:18,0
DA:20,0
DA:21,0
DA:23,0
DA:24,0
DA:25,0
DA:26,0
DA:27,0
DA:29,0
DA:31,0
DA:33,0
DA:34,0
DA:35,0
DA:36,0
DA:37,0
DA:42,0
DA:44,0
DA:45,0
DA:46,0
DA:48,0
DA:49,0
DA:51,0
DA:55,0
DA:56,0
DA:58,0
DA:59,0
DA:60,0
DA:65,0
DA:66,0
DA:69,0
DA:72,0
DA:73,0
DA:76,0
DA:77,0
DA:80,0
DA:82,0
DA:87,0
DA:89,0
DA:90,0
DA:91,0
DA:96,0
DA:97,0
DA:100,0
LF:54
LH:4
BRDA:29,0,0,0
BRDA:29,0,1,0
BRDA:31,1,0,0
BRDA:31,1,1,0
BRDA:35,2,0,0
BRDA:35,2,1,0
BRDA:44,3,0,0
BRDA:44,3,1,0
BRDA:45,4,0,0
BRDA:45,4,1,0
BRDA:49,5,0,0
BRDA:49,5,1,0
BRDA:55,6,0,0
BRDA:55,6,1,0
BRDA:59,7,0,0
BRDA:59,7,1,0
BRDA:65,8,0,0
BRDA:65,8,1,0
BRDA:82,9,0,0
BRDA:82,9,1,0
BRF:20
BRH:0
end_of_record
TN:
SF:src\pages\FavoritesPage.tsx
FN:10,(anonymous_0)
FN:17,(anonymous_1)
FN:18,(anonymous_2)
FN:28,(anonymous_3)
FN:50,(anonymous_4)
FN:63,(anonymous_5)
FN:67,(anonymous_6)
FN:69,(anonymous_7)
FN:81,(anonymous_8)
FNF:9
FNH:6
FNDA:4,(anonymous_0)
FNDA:2,(anonymous_1)
FNDA:2,(anonymous_2)
FNDA:2,(anonymous_3)
FNDA:8,(anonymous_4)
FNDA:2,(anonymous_5)
FNDA:0,(anonymous_6)
FNDA:0,(anonymous_7)
FNDA:0,(anonymous_8)
DA:1,1
DA:2,1
DA:3,1
DA:5,1
DA:6,1
DA:7,1
DA:8,1
DA:10,1
DA:11,4
DA:12,4
DA:13,4
DA:14,4
DA:15,4
DA:17,4
DA:18,2
DA:19,2
DA:20,2
DA:21,2
DA:22,1
DA:23,1
DA:24,1
DA:28,2
DA:29,1
DA:30,1
DA:32,0
DA:34,2
DA:38,2
DA:41,4
DA:51,8
DA:64,2
DA:67,0
DA:70,0
DA:71,0
DA:81,0
LF:34
LH:29
BRDA:21,0,0,1
BRDA:21,0,1,1
BRDA:48,1,0,2
BRDA:48,1,1,2
BRDA:54,2,0,1
BRDA:54,2,1,1
BRF:6
BRH:6
end_of_record
TN:
SF:src\utils\colors.ts
FN:21,(anonymous_0)
FNF:1
FNH:1
FNDA:4,(anonymous_0)
DA:1,2
DA:21,2
DA:22,4
LF:3
LH:3
BRDA:22,0,0,4
BRDA:22,0,1,0
BRF:2
BRH:1
end_of_record
